Arguments: 
  /home/naguihw/.nvm/versions/node/v16.13.1/bin/node /usr/share/yarn/bin/yarn.js init --y

PATH: 
  /home/naguihw/.sdkman/candidates/java/current/bin:/home/naguihw/.nvm/versions/node/v16.13.1/bin:/usr/local/sbin:/usr/local/bin:/usr/sbin:/usr/bin:/sbin:/bin:/usr/games:/usr/local/games:/usr/lib/wsl/lib:/mnt/c/app/Kalib/product/21c/dbhomeXE/bin:/mnt/c/Program Files (x86)/Common Files/Oracle/Java/javapath:/mnt/c/WINDOWS/system32:/mnt/c/WINDOWS:/mnt/c/WINDOWS/System32/Wbem:/mnt/c/WINDOWS/System32/WindowsPowerShell/v1.0/:/mnt/c/WINDOWS/System32/OpenSSH/:/mnt/c/Program Files/Git/cmd:/mnt/c/Users/Kalib/AppData/Local/nvs:/mnt/c/Program Files (x86)/sbt/bin:/mnt/c/Program Files/Docker/Docker/resources/bin:/mnt/c/ProgramData/DockerDesktop/version-bin:/mnt/c/Users/Kalib/AppData/Local/Microsoft/WindowsApps:/mnt/c/Program Files (x86)/GnuWin32/bin:/mnt/c/Users/Kalib/AppData/Local/Programs/Microsoft VS Code/bin:/mnt/c/Users/Kalib/AppData/Local/nvs/:/mnt/c/Users/Kalib/AppData/Local/nvs/default:/mnt/c/Users/Kalib/AppData/Local/GitHubDesktop/bin:/snap/bin

Yarn version: 
  1.22.17

Node version: 
  16.13.1

Platform: 
  linux x64

Trace: 
  Error: canceled
      at Interface.<anonymous> (/usr/share/yarn/lib/cli.js:137143:13)
      at Interface.emit (node:events:390:28)
      at Interface._ttyWrite (node:readline:1081:16)
      at ReadStream.onkeypress (node:readline:288:10)
      at ReadStream.emit (node:events:390:28)
      at emitKeys (node:internal/readline/utils:358:14)
      at emitKeys.next (<anonymous>)
      at ReadStream.onData (node:internal/readline/emitKeypressEvents:61:36)
      at ReadStream.emit (node:events:390:28)
      at addChunk (node:internal/streams/readable:315:12)

npm manifest: 
  No manifest

yarn manifest: 
  No manifest

Lockfile: 
  No lockfile
